<?xml version="1.0" encoding="UTF-8"?>
<!-- Generated by org.testng.reporters.JUnitXMLReporter -->
<testsuite ignored="2" hostname="USER" failures="0" tests="1" name="Test" time="9.185" errors="0" timestamp="2024-05-18T18:58:12 IST">
  <testcase classname="testCases.TC002_LoginTestPositive" name="test_LoginFuntionality" time="1.507"/>
  <testcase classname="testCases.TC001_AccountRegistrationTest" name="test_AccountRegistration" time="0.0">
    <ignored/>
  </testcase> <!-- test_AccountRegistration -->
  <testcase classname="testCases.TC003_LoginDDT" name="test_loginDataDrivenTesting" time="0.0">
    <ignored/>
  </testcase> <!-- test_loginDataDrivenTesting -->
</testsuite> <!-- Test -->
