<?xml version="1.0" encoding="UTF-8"?>
<!-- Generated by org.testng.reporters.JUnitXMLReporter -->
<testsuite ignored="0" hostname="USER" failures="0" tests="7" name="Test" time="66.917" errors="0" timestamp="2024-05-19T12:17:11 IST">
  <testcase classname="testCases.TC001_AccountRegistrationTest" name="test_AccountRegistration" time="1.977"/>
  <testcase classname="testCases.TC002_LoginTestPositive" name="test_LoginFuntionality" time="1.175"/>
  <testcase classname="testCases.TC003_LoginDDT" name="test_loginDataDrivenTesting" time="1.532"/>
  <testcase classname="testCases.TC003_LoginDDT" name="test_loginDataDrivenTesting" time="11.115"/>
  <testcase classname="testCases.TC003_LoginDDT" name="test_loginDataDrivenTesting" time="11.151"/>
  <testcase classname="testCases.TC003_LoginDDT" name="test_loginDataDrivenTesting" time="11.139"/>
  <testcase classname="testCases.TC003_LoginDDT" name="test_loginDataDrivenTesting" time="1.551"/>
</testsuite> <!-- Test -->
