<?xml version="1.0" encoding="UTF-8"?>
<testng-results ignored="0" total="7" passed="7" failed="0" skipped="0">
  <reporter-output>
  </reporter-output>
  <suite started-at="2024-05-19T12:16:04 IST" name="Suite" finished-at="2024-05-19T12:17:11 IST" duration-ms="66917">
    <groups>
      <group name="sanity">
        <method signature="TC001_AccountRegistrationTest.test_AccountRegistration()[pri:0, instance:testCases.TC001_AccountRegistrationTest@4be29ed9]" name="test_AccountRegistration" class="testCases.TC001_AccountRegistrationTest"/>
        <method signature="TC002_LoginTestPositive.test_LoginFuntionality()[pri:0, instance:testCases.TC002_LoginTestPositive@75437611]" name="test_LoginFuntionality" class="testCases.TC002_LoginTestPositive"/>
        <method signature="TC003_LoginDDT.test_loginDataDrivenTesting(java.lang.String,java.lang.String,java.lang.String)[pri:0, instance:testCases.TC003_LoginDDT@350aac89]" name="test_loginDataDrivenTesting" class="testCases.TC003_LoginDDT"/>
      </group> <!-- sanity -->
    </groups>
    <test started-at="2024-05-19T12:16:04 IST" name="Test" finished-at="2024-05-19T12:17:11 IST" duration-ms="66917">
      <class name="testCases.TC002_LoginTestPositive">
        <test-method is-config="true" signature="setup(java.lang.String)[pri:0, instance:testCases.TC002_LoginTestPositive@75437611]" started-at="2024-05-19T12:16:15 IST" name="setup" finished-at="2024-05-19T12:16:20 IST" duration-ms="5397" status="PASS">
          <params>
            <param index="0">
              <value>
                <![CDATA[chrome1]]>
              </value>
            </param>
          </params>
          <reporter-output>
          </reporter-output>
        </test-method> <!-- setup -->
        <test-method signature="test_LoginFuntionality()[pri:0, instance:testCases.TC002_LoginTestPositive@75437611]" started-at="2024-05-19T12:16:20 IST" name="test_LoginFuntionality" finished-at="2024-05-19T12:16:21 IST" duration-ms="1175" status="PASS">
          <reporter-output>
          </reporter-output>
        </test-method> <!-- test_LoginFuntionality -->
        <test-method is-config="true" signature="tearDown()[pri:0, instance:testCases.TC002_LoginTestPositive@75437611]" started-at="2024-05-19T12:16:21 IST" name="tearDown" finished-at="2024-05-19T12:16:21 IST" duration-ms="0" status="PASS">
          <reporter-output>
          </reporter-output>
        </test-method> <!-- tearDown -->
      </class> <!-- testCases.TC002_LoginTestPositive -->
      <class name="testCases.TC003_LoginDDT">
        <test-method is-config="true" signature="setup(java.lang.String)[pri:0, instance:testCases.TC003_LoginDDT@350aac89]" started-at="2024-05-19T12:16:21 IST" name="setup" finished-at="2024-05-19T12:16:31 IST" duration-ms="9479" status="PASS">
          <params>
            <param index="0">
              <value>
                <![CDATA[chrome1]]>
              </value>
            </param>
          </params>
          <reporter-output>
          </reporter-output>
        </test-method> <!-- setup -->
        <test-method signature="test_loginDataDrivenTesting(java.lang.String,java.lang.String,java.lang.String)[pri:0, instance:testCases.TC003_LoginDDT@350aac89]" started-at="2024-05-19T12:16:34 IST" name="test_loginDataDrivenTesting" data-provider="LoginDP" finished-at="2024-05-19T12:16:36 IST" duration-ms="1532" status="PASS">
          <params>
            <param index="0">
              <value>
                <![CDATA[akhili@gmail.com]]>
              </value>
            </param>
            <param index="1">
              <value>
                <![CDATA[akhilmass]]>
              </value>
            </param>
            <param index="2">
              <value>
                <![CDATA[Valid]]>
              </value>
            </param>
          </params>
          <reporter-output>
          </reporter-output>
        </test-method> <!-- test_loginDataDrivenTesting -->
        <test-method signature="test_loginDataDrivenTesting(java.lang.String,java.lang.String,java.lang.String)[pri:0, instance:testCases.TC003_LoginDDT@350aac89]" started-at="2024-05-19T12:16:36 IST" name="test_loginDataDrivenTesting" data-provider="LoginDP" finished-at="2024-05-19T12:16:47 IST" duration-ms="11115" status="PASS">
          <params>
            <param index="0">
              <value>
                <![CDATA[lakshmi@yahoo.com]]>
              </value>
            </param>
            <param index="1">
              <value>
                <![CDATA[Laxmiakhu]]>
              </value>
            </param>
            <param index="2">
              <value>
                <![CDATA[Invalid]]>
              </value>
            </param>
          </params>
          <reporter-output>
          </reporter-output>
        </test-method> <!-- test_loginDataDrivenTesting -->
        <test-method signature="test_loginDataDrivenTesting(java.lang.String,java.lang.String,java.lang.String)[pri:0, instance:testCases.TC003_LoginDDT@350aac89]" started-at="2024-05-19T12:16:47 IST" name="test_loginDataDrivenTesting" data-provider="LoginDP" finished-at="2024-05-19T12:16:58 IST" duration-ms="11151" status="PASS">
          <params>
            <param index="0">
              <value>
                <![CDATA[laksh@yahoo.com]]>
              </value>
            </param>
            <param index="1">
              <value>
                <![CDATA[Lakshmi123]]>
              </value>
            </param>
            <param index="2">
              <value>
                <![CDATA[Invalid]]>
              </value>
            </param>
          </params>
          <reporter-output>
          </reporter-output>
        </test-method> <!-- test_loginDataDrivenTesting -->
        <test-method signature="test_loginDataDrivenTesting(java.lang.String,java.lang.String,java.lang.String)[pri:0, instance:testCases.TC003_LoginDDT@350aac89]" started-at="2024-05-19T12:16:58 IST" name="test_loginDataDrivenTesting" data-provider="LoginDP" finished-at="2024-05-19T12:17:09 IST" duration-ms="11139" status="PASS">
          <params>
            <param index="0">
              <value>
                <![CDATA[laks@yahoo.com]]>
              </value>
            </param>
            <param index="1">
              <value>
                <![CDATA[xyzabc123]]>
              </value>
            </param>
            <param index="2">
              <value>
                <![CDATA[Invalid]]>
              </value>
            </param>
          </params>
          <reporter-output>
          </reporter-output>
        </test-method> <!-- test_loginDataDrivenTesting -->
        <test-method signature="test_loginDataDrivenTesting(java.lang.String,java.lang.String,java.lang.String)[pri:0, instance:testCases.TC003_LoginDDT@350aac89]" started-at="2024-05-19T12:17:09 IST" name="test_loginDataDrivenTesting" data-provider="LoginDP" finished-at="2024-05-19T12:17:11 IST" duration-ms="1551" status="PASS">
          <params>
            <param index="0">
              <value>
                <![CDATA[akhili@gmail.com]]>
              </value>
            </param>
            <param index="1">
              <value>
                <![CDATA[akhilmass]]>
              </value>
            </param>
            <param index="2">
              <value>
                <![CDATA[Valid]]>
              </value>
            </param>
          </params>
          <reporter-output>
          </reporter-output>
        </test-method> <!-- test_loginDataDrivenTesting -->
        <test-method is-config="true" signature="tearDown()[pri:0, instance:testCases.TC003_LoginDDT@350aac89]" started-at="2024-05-19T12:17:11 IST" name="tearDown" finished-at="2024-05-19T12:17:11 IST" duration-ms="1" status="PASS">
          <reporter-output>
          </reporter-output>
        </test-method> <!-- tearDown -->
      </class> <!-- testCases.TC003_LoginDDT -->
      <class name="testCases.TC001_AccountRegistrationTest">
        <test-method is-config="true" signature="setup(java.lang.String)[pri:0, instance:testCases.TC001_AccountRegistrationTest@4be29ed9]" started-at="2024-05-19T12:16:04 IST" name="setup" finished-at="2024-05-19T12:16:13 IST" duration-ms="8615" status="PASS">
          <params>
            <param index="0">
              <value>
                <![CDATA[chrome1]]>
              </value>
            </param>
          </params>
          <reporter-output>
          </reporter-output>
        </test-method> <!-- setup -->
        <test-method signature="test_AccountRegistration()[pri:0, instance:testCases.TC001_AccountRegistrationTest@4be29ed9]" started-at="2024-05-19T12:16:13 IST" name="test_AccountRegistration" finished-at="2024-05-19T12:16:15 IST" duration-ms="1977" status="PASS">
          <reporter-output>
          </reporter-output>
        </test-method> <!-- test_AccountRegistration -->
        <test-method is-config="true" signature="tearDown()[pri:0, instance:testCases.TC001_AccountRegistrationTest@4be29ed9]" started-at="2024-05-19T12:16:15 IST" name="tearDown" finished-at="2024-05-19T12:16:15 IST" duration-ms="0" status="PASS">
          <reporter-output>
          </reporter-output>
        </test-method> <!-- tearDown -->
      </class> <!-- testCases.TC001_AccountRegistrationTest -->
    </test> <!-- Test -->
  </suite> <!-- Suite -->
</testng-results>
