<?xml version="1.0" encoding="UTF-8"?>
<testng-results ignored="0" total="1" passed="1" failed="0" skipped="0">
  <reporter-output>
  </reporter-output>
  <suite started-at="2024-05-18T18:58:03 IST" name="Suite" finished-at="2024-05-18T18:58:12 IST" duration-ms="9185">
    <groups>
      <group name="sanity">
        <method signature="TC002_LoginTestPositive.test_LoginFuntionality()[pri:0, instance:testCases.TC002_LoginTestPositive@3ba987b8]" name="test_LoginFuntionality" class="testCases.TC002_LoginTestPositive"/>
      </group> <!-- sanity -->
    </groups>
    <test started-at="2024-05-18T18:58:03 IST" name="Test" finished-at="2024-05-18T18:58:12 IST" duration-ms="9185">
      <class name="testCases.TC002_LoginTestPositive">
        <test-method is-config="true" signature="setup(java.lang.String)[pri:0, instance:testCases.TC002_LoginTestPositive@3ba987b8]" started-at="2024-05-18T18:58:03 IST" name="setup" finished-at="2024-05-18T18:58:10 IST" duration-ms="7189" status="PASS">
          <params>
            <param index="0">
              <value>
                <![CDATA[chrome1]]>
              </value>
            </param>
          </params>
          <reporter-output>
          </reporter-output>
        </test-method> <!-- setup -->
        <test-method signature="test_LoginFuntionality()[pri:0, instance:testCases.TC002_LoginTestPositive@3ba987b8]" started-at="2024-05-18T18:58:10 IST" name="test_LoginFuntionality" finished-at="2024-05-18T18:58:12 IST" duration-ms="1507" status="PASS">
          <reporter-output>
          </reporter-output>
        </test-method> <!-- test_LoginFuntionality -->
        <test-method is-config="true" signature="tearDown()[pri:0, instance:testCases.TC002_LoginTestPositive@3ba987b8]" started-at="2024-05-18T18:58:12 IST" name="tearDown" finished-at="2024-05-18T18:58:12 IST" duration-ms="1" status="PASS">
          <reporter-output>
          </reporter-output>
        </test-method> <!-- tearDown -->
      </class> <!-- testCases.TC002_LoginTestPositive -->
    </test> <!-- Test -->
  </suite> <!-- Suite -->
</testng-results>
